Build started 3/12/2017 6:22:02 PM.
     1>Project "C:\Users\amahdavi\Desktop\Qt-Barebones_QtWidget\Qt_Barebones\Qt_Barebones.vcxproj" on node 2 (Build target(s)).
       Project file contains ToolsVersion="12.0". This toolset may be unknown or missing, in which case you may be able to resolve this by installing the appropriate version of MSBuild, or the build may have been forced to a particular ToolsVersion for policy reasons. Treating the project as if it had ToolsVersion="4.0". For more information, please see http://go.microsoft.com/fwlink/?LinkId=291333.
     1>ClCompile:
         C:\Program Files (x86)\Microsoft Visual Studio 11.0\VC\bin\CL.exe /c /IC:\Qt\4.8.5\include /I"C:\Users\amahdavi\Desktop\Qt-Barebones_QtWidget\Source\glew\include" /I"C:\Users\amahdavi\Desktop\Qt-Barebones_QtWidget\Source\glm" /ZI /nologo /W3 /WX- /Od /Oy- /D WIN32 /D _DEBUG /D _CONSOLE /D _LIB /D _UNICODE /D UNICODE /Gm /EHsc /RTC1 /MTd /GS /fp:precise /Zc:wchar_t /Zc:forScope /Fo"Debug\\" /Fd"Debug\vc110.pdb" /Gd /TP /analyze- /errorReport:prompt GLWindow.cpp
         GLWindow.cpp
     1>CL : warning : Inclusion of header files from include/Qt is deprecated.
     1>c:\users\amahdavi\desktop\qt-barebones_qtwidget\qt_barebones\glwindow.cpp(94): warning C4018: '<' : signed/unsigned mismatch
     1>c:\users\amahdavi\desktop\qt-barebones_qtwidget\qt_barebones\glwindow.cpp(101): warning C4018: '<' : signed/unsigned mismatch
     1>c:\users\amahdavi\desktop\qt-barebones_qtwidget\qt_barebones\glwindow.cpp(110): warning C4018: '<' : signed/unsigned mismatch
       Link:
         C:\Program Files (x86)\Microsoft Visual Studio 11.0\VC\bin\link.exe /ERRORREPORT:PROMPT /OUT:"C:\Users\amahdavi\Desktop\Qt-Barebones_QtWidget\Debug\Qt_Barebones.exe" /INCREMENTAL /NOLOGO /LIBPATH:C:\Qt\4.8.5\lib /LIBPATH:"C:\Users\amahdavi\Desktop\Qt-Barebones_QtWidget\Source\glew\lib" Opengl32.lib glew32d.lib QtCored4.lib QtOpenGld4.lib QtGuid4.lib kernel32.lib user32.lib gdi32.lib winspool.lib comdlg32.lib advapi32.lib shell32.lib ole32.lib oleaut32.lib uuid.lib odbc32.lib odbccp32.lib kernel32.lib user32.lib gdi32.lib winspool.lib comdlg32.lib advapi32.lib shell32.lib ole32.lib oleaut32.lib uuid.lib odbc32.lib odbccp32.lib /MANIFEST /MANIFESTUAC:"level='asInvoker' uiAccess='false'" /manifest:embed /DEBUG /PDB:"C:\Users\amahdavi\Desktop\Qt-Barebones_QtWidget\Debug\Qt_Barebones.pdb" /SUBSYSTEM:CONSOLE /TLBID:1 /DYNAMICBASE /NXCOMPAT /IMPLIB:"C:\Users\amahdavi\Desktop\Qt-Barebones_QtWidget\Debug\Qt_Barebones.lib" /MACHINE:X86 Debug\Camera.obj
         Debug\CustomedSlider.obj
         Debug\CustomedSlider_moc.obj
         Debug\Face.obj
         Debug\GLWindow.obj
         Debug\Light.obj
         Debug\Main.obj
         Debug\Mesh.obj
         Debug\Vertex.obj
         Debug\Widget.obj
         Debug\Widget_moc.obj
         Qt_Barebones.vcxproj -> C:\Users\amahdavi\Desktop\Qt-Barebones_QtWidget\Debug\Qt_Barebones.exe
     1>Done Building Project "C:\Users\amahdavi\Desktop\Qt-Barebones_QtWidget\Qt_Barebones\Qt_Barebones.vcxproj" (Build target(s)).

Build succeeded.

Time Elapsed 00:00:03.33
